Determining if the pthread_create exist failed with the following output:
Change Dir: /home/zheruicai/cppPro/OptWebServer/build/CMakeFiles/CMakeTmp

Run Build Command:"/usr/bin/make" "cmTC_e841f/fast"
/usr/bin/make -f CMakeFiles/cmTC_e841f.dir/build.make CMakeFiles/cmTC_e841f.dir/build
make[1]: 进入目录“/home/zheruicai/cppPro/OptWebServer/build/CMakeFiles/CMakeTmp”
Building CXX object CMakeFiles/cmTC_e841f.dir/CheckSymbolExists.cxx.o
/usr/bin/c++    -std=gnu++14 -o CMakeFiles/cmTC_e841f.dir/CheckSymbolExists.cxx.o -c /home/zheruicai/cppPro/OptWebServer/build/CMakeFiles/CMakeTmp/CheckSymbolExists.cxx
Linking CXX executable cmTC_e841f
/usr/bin/cmake -E cmake_link_script CMakeFiles/cmTC_e841f.dir/link.txt --verbose=1
/usr/bin/c++       CMakeFiles/cmTC_e841f.dir/CheckSymbolExists.cxx.o  -o cmTC_e841f 
CMakeFiles/cmTC_e841f.dir/CheckSymbolExists.cxx.o：在函数‘main’中：
CheckSymbolExists.cxx:(.text+0x1b)：对‘pthread_create’未定义的引用
collect2: error: ld returned 1 exit status
CMakeFiles/cmTC_e841f.dir/build.make:97: recipe for target 'cmTC_e841f' failed
make[1]: *** [cmTC_e841f] Error 1
make[1]: 离开目录“/home/zheruicai/cppPro/OptWebServer/build/CMakeFiles/CMakeTmp”
Makefile:126: recipe for target 'cmTC_e841f/fast' failed
make: *** [cmTC_e841f/fast] Error 2

File /home/zheruicai/cppPro/OptWebServer/build/CMakeFiles/CMakeTmp/CheckSymbolExists.cxx:
/* */
#include <pthread.h>

int main(int argc, char** argv)
{
  (void)argv;
#ifndef pthread_create
  return ((int*)(&pthread_create))[argc];
#else
  (void)argc;
  return 0;
#endif
}

Determining if the function pthread_create exists in the pthreads failed with the following output:
Change Dir: /home/zheruicai/cppPro/OptWebServer/build/CMakeFiles/CMakeTmp

Run Build Command:"/usr/bin/make" "cmTC_9d7c7/fast"
/usr/bin/make -f CMakeFiles/cmTC_9d7c7.dir/build.make CMakeFiles/cmTC_9d7c7.dir/build
make[1]: 进入目录“/home/zheruicai/cppPro/OptWebServer/build/CMakeFiles/CMakeTmp”
Building CXX object CMakeFiles/cmTC_9d7c7.dir/CheckFunctionExists.cxx.o
/usr/bin/c++    -DCHECK_FUNCTION_EXISTS=pthread_create   -std=gnu++14 -o CMakeFiles/cmTC_9d7c7.dir/CheckFunctionExists.cxx.o -c /home/zheruicai/cppPro/OptWebServer/build/CMakeFiles/CheckLibraryExists/CheckFunctionExists.cxx
Linking CXX executable cmTC_9d7c7
/usr/bin/cmake -E cmake_link_script CMakeFiles/cmTC_9d7c7.dir/link.txt --verbose=1
/usr/bin/c++   -DCHECK_FUNCTION_EXISTS=pthread_create    CMakeFiles/cmTC_9d7c7.dir/CheckFunctionExists.cxx.o  -o cmTC_9d7c7 -lpthreads 
/usr/bin/ld: 找不到 -lpthreads
collect2: error: ld returned 1 exit status
CMakeFiles/cmTC_9d7c7.dir/build.make:97: recipe for target 'cmTC_9d7c7' failed
make[1]: *** [cmTC_9d7c7] Error 1
make[1]: 离开目录“/home/zheruicai/cppPro/OptWebServer/build/CMakeFiles/CMakeTmp”
Makefile:126: recipe for target 'cmTC_9d7c7/fast' failed
make: *** [cmTC_9d7c7/fast] Error 2


